<?xml version="1.0" encoding="UTF-8"?>
<testsuite name="ru.netology.MainKtTest" tests="12" skipped="0" failures="0" errors="0" timestamp="2023-01-07T13:39:03" hostname="DESKTOP-DR8FL1F" time="0.024">
  <properties/>
  <testcase name="calculateFeeForVisaWithFewerAmount" classname="ru.netology.MainKtTest" time="0.02"/>
  <testcase name="calculateFeeForVisa" classname="ru.netology.MainKtTest" time="0.001"/>
  <testcase name="calculateFeeForMastercardWithOverMaxMonthTotal" classname="ru.netology.MainKtTest" time="0.0"/>
  <testcase name="calculateFeeForAllOverLimitMonthTotal" classname="ru.netology.MainKtTest" time="0.0"/>
  <testcase name="calculateFeeForMastercardWithFewerMaxMonthTotal" classname="ru.netology.MainKtTest" time="0.0"/>
  <testcase name="calculateFeeForVKPay" classname="ru.netology.MainKtTest" time="0.001"/>
  <testcase name="calculateFeeForAllOverLimitAll" classname="ru.netology.MainKtTest" time="0.0"/>
  <testcase name="calculateFeeForVKPayMonthTotalOverLimit" classname="ru.netology.MainKtTest" time="0.0"/>
  <testcase name="calculateFeeForMaestro" classname="ru.netology.MainKtTest" time="0.0"/>
  <testcase name="calculateFeeForVKPayAllOverLimit" classname="ru.netology.MainKtTest" time="0.0"/>
  <testcase name="calculateFeeForAllOverLimitAmount" classname="ru.netology.MainKtTest" time="0.001"/>
  <testcase name="calculateFeeForMastercard" classname="ru.netology.MainKtTest" time="0.0"/>
  <system-out><![CDATA[]]></system-out>
  <system-err><![CDATA[]]></system-err>
</testsuite>
